<?xml version="1.0" encoding="UTF-8"?>
<!-- Generated by org.testng.reporters.JUnitReportReporter -->
<testsuite skipped="0" hostname="GIFTECH-L-062" name="com.osaka.qa.test.ParentInformationTest" tests="3" failures="0" timestamp="2023-07-12T11:34:53 IST" time="19.540" errors="0">
  <testcase name="fillParInfo" time="0.182" classname="com.osaka.qa.test.ParentInformationTest"/>
  <system-out/>
  <testcase name="verifyPageTitle" time="0.018" classname="com.osaka.qa.test.ParentInformationTest"/>
  <system-out/>
  <testcase name="fillFirstInfo" time="19.340" classname="com.osaka.qa.test.ParentInformationTest"/>
  <system-out/>
</testsuite> <!-- com.osaka.qa.test.ParentInformationTest -->
