<?xml version="1.0" encoding="UTF-8"?>
<!-- Generated by org.testng.reporters.JUnitReportReporter -->
<testsuite skipped="0" hostname="GIFTECH-L-062" name="com.osaka.qa.test.ParentAdmissionFormTest" tests="3" failures="0" timestamp="2023-07-12T12:26:41 IST" time="15.910" errors="0">
  <testcase name="verifyPageTitle" time="0.045" classname="com.osaka.qa.test.ParentAdmissionFormTest"/>
  <system-out/>
  <testcase name="fillFirstInfo" time="15.645" classname="com.osaka.qa.test.ParentAdmissionFormTest"/>
  <system-out/>
  <testcase name="fillParInfo" time="0.220" classname="com.osaka.qa.test.ParentAdmissionFormTest"/>
  <system-out/>
</testsuite> <!-- com.osaka.qa.test.ParentAdmissionFormTest -->
