<?xml version="1.0" encoding="UTF-8"?>
<!-- Generated by org.testng.reporters.JUnitReportReporter -->
<testsuite skipped="0" hostname="GIFTECH-L-062" name="com.osaka.qa.test.PrimaryContactDetailsTest" tests="3" failures="0" timestamp="2023-07-07T16:29:21 IST" time="16.041" errors="0">
  <testcase name="verifyPageTitle" time="0.126" classname="com.osaka.qa.test.PrimaryContactDetailsTest"/>
  <system-out/>
  <testcase name="fillFirstInfo" time="12.285" classname="com.osaka.qa.test.PrimaryContactDetailsTest"/>
  <system-out/>
  <testcase name="fillParInfo" time="3.630" classname="com.osaka.qa.test.PrimaryContactDetailsTest"/>
  <system-out/>
</testsuite> <!-- com.osaka.qa.test.PrimaryContactDetailsTest -->
